  [1m[35m (0.2ms)[0m  [1m[35mSET NAMES utf8,  @@SESSION.sql_mode = CONCAT(CONCAT(@@sql_mode, ',STRICT_ALL_TABLES'), ',NO_AUTO_VALUE_ON_ZERO'),  @@SESSION.sql_auto_is_null = 0, @@SESSION.wait_timeout = 2147483[0m
  [1m[35m (472.9ms)[0m  [1m[35mCREATE TABLE `schema_migrations` (`version` varchar(255) NOT NULL PRIMARY KEY) ENGINE=InnoDB[0m
  [1m[35m (491.1ms)[0m  [1m[35mCREATE TABLE `ar_internal_metadata` (`key` varchar(255) NOT NULL PRIMARY KEY, `value` varchar(255), `created_at` datetime NOT NULL, `updated_at` datetime NOT NULL) ENGINE=InnoDB[0m
  [1m[35m (0.3ms)[0m  [1m[34mSELECT GET_LOCK(2015673064776218715, 0)[0m
  [1m[35m (0.3ms)[0m  [1m[34mSELECT `schema_migrations`.`version` FROM `schema_migrations` ORDER BY `schema_migrations`.`version` ASC[0m
Migrating to DeviseCreateUsers (20170813182121)
  [1m[35m (369.6ms)[0m  [1m[35mCREATE TABLE `users` (`id` bigint NOT NULL AUTO_INCREMENT PRIMARY KEY, `email` varchar(255) DEFAULT '' NOT NULL, `encrypted_password` varchar(255) DEFAULT '' NOT NULL, `reset_password_token` varchar(255), `reset_password_sent_at` datetime, `remember_created_at` datetime, `sign_in_count` int DEFAULT 0 NOT NULL, `current_sign_in_at` datetime, `last_sign_in_at` datetime, `current_sign_in_ip` varchar(255), `last_sign_in_ip` varchar(255), `created_at` datetime NOT NULL, `updated_at` datetime NOT NULL) ENGINE=InnoDB[0m
  [1m[35m (378.0ms)[0m  [1m[35mCREATE UNIQUE INDEX `index_users_on_email`  ON `users` (`email`) [0m
  [1m[35m (447.8ms)[0m  [1m[35mCREATE UNIQUE INDEX `index_users_on_reset_password_token`  ON `users` (`reset_password_token`) [0m
  [1m[35m (0.1ms)[0m  [1m[35mBEGIN[0m
  [1m[35mSQL (0.2ms)[0m  [1m[32mINSERT INTO `schema_migrations` (`version`) VALUES ('20170813182121')[0m
  [1m[35m (41.6ms)[0m  [1m[35mCOMMIT[0m
  [1m[36mActiveRecord::InternalMetadata Load (0.2ms)[0m  [1m[34mSELECT  `ar_internal_metadata`.* FROM `ar_internal_metadata` WHERE `ar_internal_metadata`.`key` = 'environment' LIMIT 1[0m
  [1m[35m (0.2ms)[0m  [1m[35mBEGIN[0m
  [1m[35mSQL (0.2ms)[0m  [1m[32mINSERT INTO `ar_internal_metadata` (`key`, `value`, `created_at`, `updated_at`) VALUES ('environment', 'development', '2017-08-13 18:23:46', '2017-08-13 18:23:46')[0m
  [1m[35m (38.6ms)[0m  [1m[35mCOMMIT[0m
  [1m[35m (0.2ms)[0m  [1m[34mSELECT RELEASE_LOCK(2015673064776218715)[0m
  [1m[35m (0.2ms)[0m  [1m[34mSELECT `schema_migrations`.`version` FROM `schema_migrations` ORDER BY `schema_migrations`.`version` ASC[0m
Started GET "/" for 127.0.0.1 at 2017-08-13 23:55:11 +0530
  [1m[35m (0.2ms)[0m  [1m[35mSET NAMES utf8,  @@SESSION.sql_mode = CONCAT(CONCAT(@@sql_mode, ',STRICT_ALL_TABLES'), ',NO_AUTO_VALUE_ON_ZERO'),  @@SESSION.sql_auto_is_null = 0, @@SESSION.wait_timeout = 2147483[0m
  [1m[35m (0.4ms)[0m  [1m[34mSELECT `schema_migrations`.`version` FROM `schema_migrations` ORDER BY `schema_migrations`.`version` ASC[0m
Processing by Rails::WelcomeController#index as HTML
  Rendering /home/csrijith/.rvm/gems/ruby-2.4.1@my-business/gems/railties-5.1.3/lib/rails/templates/rails/welcome/index.html.erb
  Rendered /home/csrijith/.rvm/gems/ruby-2.4.1@my-business/gems/railties-5.1.3/lib/rails/templates/rails/welcome/index.html.erb (4.7ms)
Completed 200 OK in 12ms (Views: 6.7ms | ActiveRecord: 0.0ms)


Started GET "/users/sign_in" for 127.0.0.1 at 2017-08-13 23:57:20 +0530
Processing by Devise::SessionsController#new as HTML
  Rendering /home/csrijith/.rvm/gems/ruby-2.4.1@my-business/gems/devise-4.3.0/app/views/devise/sessions/new.html.erb within layouts/application
  Rendered /home/csrijith/.rvm/gems/ruby-2.4.1@my-business/gems/devise-4.3.0/app/views/devise/shared/_links.html.erb (0.9ms)
  Rendered /home/csrijith/.rvm/gems/ruby-2.4.1@my-business/gems/devise-4.3.0/app/views/devise/sessions/new.html.erb within layouts/application (12.7ms)
Completed 200 OK in 358ms (Views: 343.0ms | ActiveRecord: 0.9ms)


Started GET "/users/sign_in" for 127.0.0.1 at 2017-08-13 23:58:01 +0530
Processing by Devise::SessionsController#new as HTML
  Rendering /home/csrijith/.rvm/gems/ruby-2.4.1@my-business/gems/devise-4.3.0/app/views/devise/sessions/new.html.erb within layouts/application
  Rendered /home/csrijith/.rvm/gems/ruby-2.4.1@my-business/gems/devise-4.3.0/app/views/devise/shared/_links.html.erb (2.3ms)
  Rendered /home/csrijith/.rvm/gems/ruby-2.4.1@my-business/gems/devise-4.3.0/app/views/devise/sessions/new.html.erb within layouts/application (10.2ms)
Completed 200 OK in 36ms (Views: 34.0ms | ActiveRecord: 0.0ms)


Started GET "/users/sign_up" for 127.0.0.1 at 2017-08-13 23:58:04 +0530
Processing by Devise::RegistrationsController#new as HTML
  Rendering /home/csrijith/.rvm/gems/ruby-2.4.1@my-business/gems/devise-4.3.0/app/views/devise/registrations/new.html.erb within layouts/application
  Rendered /home/csrijith/.rvm/gems/ruby-2.4.1@my-business/gems/devise-4.3.0/app/views/devise/shared/_links.html.erb (1.0ms)
  Rendered /home/csrijith/.rvm/gems/ruby-2.4.1@my-business/gems/devise-4.3.0/app/views/devise/registrations/new.html.erb within layouts/application (4.3ms)
Completed 200 OK in 24ms (Views: 22.5ms | ActiveRecord: 0.0ms)


Started POST "/users" for 127.0.0.1 at 2017-08-13 23:58:53 +0530
Processing by Devise::RegistrationsController#create as HTML
  Parameters: {"utf8"=>"✓", "authenticity_token"=>"cQ7XbT6y4g4F4+GCtnoOsHNgc1MeiT9qygqOewNrzVBu8WNz/M4RzkeLXmCyIIoHnPodSmfpQARfpSYdaXW49A==", "user"=>{"email"=>"srijithc038@gmail.com", "password"=>"[FILTERED]", "password_confirmation"=>"[FILTERED]"}, "commit"=>"Sign up"}
  [1m[35m (0.2ms)[0m  [1m[35mBEGIN[0m
  [1m[36mUser Exists (0.2ms)[0m  [1m[34mSELECT  1 AS one FROM `users` WHERE `users`.`email` = BINARY 'srijithc038@gmail.com' LIMIT 1[0m
  [1m[35mSQL (0.2ms)[0m  [1m[32mINSERT INTO `users` (`email`, `encrypted_password`, `created_at`, `updated_at`) VALUES ('srijithc038@gmail.com', '$2a$11$opEngUiO3J9P93iHurs3s.bIet1Sg7jeUKc5UG2pYyuCXp4vOQx4u', '2017-08-13 18:28:53', '2017-08-13 18:28:53')[0m
  [1m[35m (86.1ms)[0m  [1m[35mCOMMIT[0m
  [1m[35m (0.1ms)[0m  [1m[35mBEGIN[0m
  [1m[35mSQL (0.3ms)[0m  [1m[33mUPDATE `users` SET `sign_in_count` = 1, `current_sign_in_at` = '2017-08-13 18:28:53', `last_sign_in_at` = '2017-08-13 18:28:53', `current_sign_in_ip` = '127.0.0.1', `last_sign_in_ip` = '127.0.0.1' WHERE `users`.`id` = 1[0m
  [1m[35m (41.8ms)[0m  [1m[35mCOMMIT[0m
Redirected to http://localhost:3000/
Completed 302 Found in 273ms (ActiveRecord: 128.9ms)


Started GET "/" for 127.0.0.1 at 2017-08-13 23:58:53 +0530
Processing by Rails::WelcomeController#index as HTML
  Rendering /home/csrijith/.rvm/gems/ruby-2.4.1@my-business/gems/railties-5.1.3/lib/rails/templates/rails/welcome/index.html.erb
  Rendered /home/csrijith/.rvm/gems/ruby-2.4.1@my-business/gems/railties-5.1.3/lib/rails/templates/rails/welcome/index.html.erb (1.5ms)
Completed 200 OK in 3ms (Views: 2.3ms | ActiveRecord: 0.0ms)


Started GET "/users/sign_in" for 127.0.0.1 at 2017-08-13 23:59:04 +0530
Processing by Devise::SessionsController#new as HTML
  [1m[36mUser Load (0.7ms)[0m  [1m[34mSELECT  `users`.* FROM `users` WHERE `users`.`id` = 1 ORDER BY `users`.`id` ASC LIMIT 1[0m
Redirected to http://localhost:3000/
Filter chain halted as :require_no_authentication rendered or redirected
Completed 302 Found in 9ms (ActiveRecord: 0.7ms)


Started GET "/" for 127.0.0.1 at 2017-08-13 23:59:04 +0530
Processing by Rails::WelcomeController#index as HTML
  Rendering /home/csrijith/.rvm/gems/ruby-2.4.1@my-business/gems/railties-5.1.3/lib/rails/templates/rails/welcome/index.html.erb
  Rendered /home/csrijith/.rvm/gems/ruby-2.4.1@my-business/gems/railties-5.1.3/lib/rails/templates/rails/welcome/index.html.erb (2.4ms)
Completed 200 OK in 5ms (Views: 3.6ms | ActiveRecord: 0.0ms)


